

Processing WelcomeController#index (for 127.0.0.1 at 2009-11-02 16:47:38) [GET]
Completed in 9ms (View: 2, DB: 0) | 200 OK [http://localhost/]


Processing WelcomeController#login (for 127.0.0.1 at 2009-11-02 16:47:43) [GET]
Redirected to http://localhost:3000/oauth_login
Completed in 2ms (DB: 0) | 302 Found [http://localhost/login]
/!\ FAILSAFE /!\  Mon Nov 02 16:47:43 -0700 2009
  Status: 500 Internal Server Error
  401 Unauthorized
    /usr/lib/ruby/gems/1.8/gems/oauth-0.3.5/lib/oauth/consumer.rb:199:in `token_request'
    /usr/lib/ruby/gems/1.8/gems/oauth-0.3.5/lib/oauth/consumer.rb:125:in `get_request_token'
    /home/remi/projects/remi/rack-oauth/examples/rails-example/config/../../../lib/rack-oauth.rb:205:in `do_login'
    /home/remi/projects/remi/rack-oauth/examples/rails-example/config/../../../lib/rack-oauth.rb:190:in `call'
    /usr/lib/ruby/gems/1.8/gems/rack-1.0.0/lib/rack/head.rb:9:in `call'
    /usr/lib/ruby/gems/1.8/gems/rack-1.0.0/lib/rack/methodoverride.rb:24:in `call'
    /usr/lib/ruby/gems/1.8/gems/actionpack-2.3.4/lib/action_controller/params_parser.rb:15:in `call'
    /usr/lib/ruby/gems/1.8/gems/actionpack-2.3.4/lib/action_controller/session/cookie_store.rb:93:in `call'
    /usr/lib/ruby/gems/1.8/gems/actionpack-2.3.4/lib/action_controller/failsafe.rb:26:in `call'
    /usr/lib/ruby/gems/1.8/gems/rack-1.0.0/lib/rack/lock.rb:11:in `call'
    /usr/lib/ruby/gems/1.8/gems/rack-1.0.0/lib/rack/lock.rb:11:in `synchronize'
    /usr/lib/ruby/gems/1.8/gems/rack-1.0.0/lib/rack/lock.rb:11:in `call'
    /usr/lib/ruby/gems/1.8/gems/actionpack-2.3.4/lib/action_controller/dispatcher.rb:114:in `call'
    /usr/lib/ruby/gems/1.8/gems/actionpack-2.3.4/lib/action_controller/reloader.rb:34:in `run'
    /usr/lib/ruby/gems/1.8/gems/actionpack-2.3.4/lib/action_controller/dispatcher.rb:108:in `call'
    /usr/lib/ruby/gems/1.8/gems/rails-2.3.4/lib/rails/rack/static.rb:31:in `call'
    /usr/lib/ruby/gems/1.8/gems/rack-1.0.0/lib/rack/urlmap.rb:46:in `call'
    /usr/lib/ruby/gems/1.8/gems/rack-1.0.0/lib/rack/urlmap.rb:40:in `each'
    /usr/lib/ruby/gems/1.8/gems/rack-1.0.0/lib/rack/urlmap.rb:40:in `call'
    /usr/lib/ruby/gems/1.8/gems/rails-2.3.4/lib/rails/rack/log_tailer.rb:17:in `call'
    /usr/lib/ruby/gems/1.8/gems/rack-1.0.0/lib/rack/content_length.rb:13:in `call'
    /usr/lib/ruby/gems/1.8/gems/rack-1.0.0/lib/rack/chunked.rb:15:in `call'
    /usr/lib/ruby/gems/1.8/gems/rack-1.0.0/lib/rack/handler/mongrel.rb:61:in `process'
    /usr/lib/ruby/gems/1.8/gems/mongrel-1.1.5/lib/mongrel.rb:159:in `process_client'
    /usr/lib/ruby/gems/1.8/gems/mongrel-1.1.5/lib/mongrel.rb:158:in `each'
    /usr/lib/ruby/gems/1.8/gems/mongrel-1.1.5/lib/mongrel.rb:158:in `process_client'
    /usr/lib/ruby/gems/1.8/gems/mongrel-1.1.5/lib/mongrel.rb:285:in `run'
    /usr/lib/ruby/gems/1.8/gems/mongrel-1.1.5/lib/mongrel.rb:285:in `initialize'
    /usr/lib/ruby/gems/1.8/gems/mongrel-1.1.5/lib/mongrel.rb:285:in `new'
    /usr/lib/ruby/gems/1.8/gems/mongrel-1.1.5/lib/mongrel.rb:285:in `run'
    /usr/lib/ruby/gems/1.8/gems/mongrel-1.1.5/lib/mongrel.rb:268:in `initialize'
    /usr/lib/ruby/gems/1.8/gems/mongrel-1.1.5/lib/mongrel.rb:268:in `new'
    /usr/lib/ruby/gems/1.8/gems/mongrel-1.1.5/lib/mongrel.rb:268:in `run'
    /usr/lib/ruby/gems/1.8/gems/rack-1.0.0/lib/rack/handler/mongrel.rb:34:in `run'
    /usr/lib/ruby/gems/1.8/gems/rails-2.3.4/lib/commands/server.rb:111
    /usr/local/lib/site_ruby/1.8/rubygems/custom_require.rb:31:in `gem_original_require'
    /usr/local/lib/site_ruby/1.8/rubygems/custom_require.rb:31:in `require'
    ./script/server:3
/!\ FAILSAFE /!\  Mon Nov 02 16:48:16 -0700 2009
  Status: 500 Internal Server Error
  401 Unauthorized
    /usr/lib/ruby/gems/1.8/gems/oauth-0.3.5/lib/oauth/consumer.rb:199:in `token_request'
    /usr/lib/ruby/gems/1.8/gems/oauth-0.3.5/lib/oauth/consumer.rb:125:in `get_request_token'
    /home/remi/projects/remi/rack-oauth/examples/rails-example/config/../../../lib/rack-oauth.rb:205:in `do_login'
    /home/remi/projects/remi/rack-oauth/examples/rails-example/config/../../../lib/rack-oauth.rb:190:in `call'
    /usr/lib/ruby/gems/1.8/gems/rack-1.0.0/lib/rack/head.rb:9:in `call'
    /usr/lib/ruby/gems/1.8/gems/rack-1.0.0/lib/rack/methodoverride.rb:24:in `call'
    /usr/lib/ruby/gems/1.8/gems/actionpack-2.3.4/lib/action_controller/params_parser.rb:15:in `call'
    /usr/lib/ruby/gems/1.8/gems/actionpack-2.3.4/lib/action_controller/session/cookie_store.rb:93:in `call'
    /usr/lib/ruby/gems/1.8/gems/actionpack-2.3.4/lib/action_controller/failsafe.rb:26:in `call'
    /usr/lib/ruby/gems/1.8/gems/rack-1.0.0/lib/rack/lock.rb:11:in `call'
    /usr/lib/ruby/gems/1.8/gems/rack-1.0.0/lib/rack/lock.rb:11:in `synchronize'
    /usr/lib/ruby/gems/1.8/gems/rack-1.0.0/lib/rack/lock.rb:11:in `call'
    /usr/lib/ruby/gems/1.8/gems/actionpack-2.3.4/lib/action_controller/dispatcher.rb:114:in `call'
    /usr/lib/ruby/gems/1.8/gems/actionpack-2.3.4/lib/action_controller/reloader.rb:34:in `run'
    /usr/lib/ruby/gems/1.8/gems/actionpack-2.3.4/lib/action_controller/dispatcher.rb:108:in `call'
    /usr/lib/ruby/gems/1.8/gems/rails-2.3.4/lib/rails/rack/static.rb:31:in `call'
    /usr/lib/ruby/gems/1.8/gems/rack-1.0.0/lib/rack/urlmap.rb:46:in `call'
    /usr/lib/ruby/gems/1.8/gems/rack-1.0.0/lib/rack/urlmap.rb:40:in `each'
    /usr/lib/ruby/gems/1.8/gems/rack-1.0.0/lib/rack/urlmap.rb:40:in `call'
    /usr/lib/ruby/gems/1.8/gems/rails-2.3.4/lib/rails/rack/log_tailer.rb:17:in `call'
    /usr/lib/ruby/gems/1.8/gems/rack-1.0.0/lib/rack/content_length.rb:13:in `call'
    /usr/lib/ruby/gems/1.8/gems/rack-1.0.0/lib/rack/chunked.rb:15:in `call'
    /usr/lib/ruby/gems/1.8/gems/rack-1.0.0/lib/rack/handler/mongrel.rb:61:in `process'
    /usr/lib/ruby/gems/1.8/gems/mongrel-1.1.5/lib/mongrel.rb:159:in `process_client'
    /usr/lib/ruby/gems/1.8/gems/mongrel-1.1.5/lib/mongrel.rb:158:in `each'
    /usr/lib/ruby/gems/1.8/gems/mongrel-1.1.5/lib/mongrel.rb:158:in `process_client'
    /usr/lib/ruby/gems/1.8/gems/mongrel-1.1.5/lib/mongrel.rb:285:in `run'
    /usr/lib/ruby/gems/1.8/gems/mongrel-1.1.5/lib/mongrel.rb:285:in `initialize'
    /usr/lib/ruby/gems/1.8/gems/mongrel-1.1.5/lib/mongrel.rb:285:in `new'
    /usr/lib/ruby/gems/1.8/gems/mongrel-1.1.5/lib/mongrel.rb:285:in `run'
    /usr/lib/ruby/gems/1.8/gems/mongrel-1.1.5/lib/mongrel.rb:268:in `initialize'
    /usr/lib/ruby/gems/1.8/gems/mongrel-1.1.5/lib/mongrel.rb:268:in `new'
    /usr/lib/ruby/gems/1.8/gems/mongrel-1.1.5/lib/mongrel.rb:268:in `run'
    /usr/lib/ruby/gems/1.8/gems/rack-1.0.0/lib/rack/handler/mongrel.rb:34:in `run'
    /usr/lib/ruby/gems/1.8/gems/rails-2.3.4/lib/commands/server.rb:111
    /usr/local/lib/site_ruby/1.8/rubygems/custom_require.rb:31:in `gem_original_require'
    /usr/local/lib/site_ruby/1.8/rubygems/custom_require.rb:31:in `require'
    ./script/server:3


Processing WelcomeController#index (for 127.0.0.1 at 2009-11-02 16:49:40) [GET]
Completed in 5ms (View: 3, DB: 0) | 200 OK [http://localhost/]


Processing WelcomeController#login (for 127.0.0.1 at 2009-11-02 16:49:44) [GET]

RuntimeError (test mode?  false):
  app/controllers/welcome_controller.rb:14:in `login'

Rendered rescues/_trace (35.7ms)
Rendered rescues/_request_and_response (1.2ms)
Rendering rescues/layout (internal_server_error)


Processing WelcomeController#login (for 127.0.0.1 at 2009-11-02 16:49:53) [GET]

RuntimeError (test mode?  true):
  app/controllers/welcome_controller.rb:15:in `login'

Rendered rescues/_trace (32.9ms)
Rendered rescues/_request_and_response (0.3ms)
Rendering rescues/layout (internal_server_error)


Processing WelcomeController#login (for 127.0.0.1 at 2009-11-02 16:49:58) [GET]
Redirected to http://localhost:3000/oauth_login
Completed in 5ms (DB: 0) | 302 Found [http://localhost/login]


Processing ApplicationController#index (for 127.0.0.1 at 2009-11-02 16:49:58) [GET]

ActionController::RoutingError (No route matches "/oauth_complete" with {:method=>:get}):
  

Rendering rescues/layout (not_found)


Processing WelcomeController#login (for 127.0.0.1 at 2009-11-02 16:50:55) [GET]
Redirected to http://localhost:3000/oauth_login
Completed in 2ms (DB: 0) | 302 Found [http://localhost/login]


Processing WelcomeController#after_login (for 127.0.0.1 at 2009-11-02 16:50:55) [GET]
Completed in 3ms (View: 1, DB: 0) | 200 OK [http://localhost/oauth_complete]


Processing WelcomeController#login (for 127.0.0.1 at 2009-11-02 16:51:02) [GET]
Redirected to http://localhost:3000/oauth_login
Completed in 5ms (DB: 0) | 302 Found [http://localhost/login]


Processing WelcomeController#after_login (for 127.0.0.1 at 2009-11-02 16:51:03) [GET]
Redirected to http://localhost:3000/
Completed in 6ms (DB: 0) | 302 Found [http://localhost/oauth_complete]


Processing WelcomeController#index (for 127.0.0.1 at 2009-11-02 16:51:03) [GET]
Completed in 7ms (View: 1, DB: 0) | 200 OK [http://localhost/]


Processing WelcomeController#login (for 127.0.0.1 at 2009-11-02 16:51:07) [GET]
Redirected to http://localhost:3000/oauth_login
Completed in 4ms (DB: 0) | 302 Found [http://localhost/login]


Processing WelcomeController#after_login (for 127.0.0.1 at 2009-11-02 16:51:07) [GET]
Redirected to http://localhost:3000/
Completed in 2ms (DB: 0) | 302 Found [http://localhost/oauth_complete]


Processing WelcomeController#index (for 127.0.0.1 at 2009-11-02 16:51:07) [GET]
Completed in 2ms (View: 0, DB: 0) | 200 OK [http://localhost/]


Processing WelcomeController#index (for 127.0.0.1 at 2009-11-02 18:13:52) [GET]
Completed in 5ms (View: 3, DB: 0) | 200 OK [http://localhost/]


Processing WelcomeController#login (for 127.0.0.1 at 2009-11-02 18:13:55) [GET]
Redirected to http://localhost:3000/oauth_login
Completed in 2ms (DB: 0) | 302 Found [http://localhost/login]
/!\ FAILSAFE /!\  Mon Nov 02 18:13:55 -0700 2009
  Status: 500 Internal Server Error
  401 Unauthorized
    /usr/lib/ruby/gems/1.8/gems/oauth-0.3.5/lib/oauth/consumer.rb:199:in `token_request'
    /usr/lib/ruby/gems/1.8/gems/oauth-0.3.5/lib/oauth/consumer.rb:125:in `get_request_token'
    /home/remi/projects/remi/rack-oauth/examples/rails-example/config/../../../lib/rack-oauth.rb:226:in `do_login'
    /home/remi/projects/remi/rack-oauth/examples/rails-example/config/../../../lib/rack-oauth.rb:211:in `call'
    /usr/lib/ruby/gems/1.8/gems/rack-1.0.0/lib/rack/head.rb:9:in `call'
    /usr/lib/ruby/gems/1.8/gems/rack-1.0.0/lib/rack/methodoverride.rb:24:in `call'
    /usr/lib/ruby/gems/1.8/gems/actionpack-2.3.4/lib/action_controller/params_parser.rb:15:in `call'
    /usr/lib/ruby/gems/1.8/gems/actionpack-2.3.4/lib/action_controller/session/cookie_store.rb:93:in `call'
    /usr/lib/ruby/gems/1.8/gems/actionpack-2.3.4/lib/action_controller/failsafe.rb:26:in `call'
    /usr/lib/ruby/gems/1.8/gems/rack-1.0.0/lib/rack/lock.rb:11:in `call'
    /usr/lib/ruby/gems/1.8/gems/rack-1.0.0/lib/rack/lock.rb:11:in `synchronize'
    /usr/lib/ruby/gems/1.8/gems/rack-1.0.0/lib/rack/lock.rb:11:in `call'
    /usr/lib/ruby/gems/1.8/gems/actionpack-2.3.4/lib/action_controller/dispatcher.rb:114:in `call'
    /usr/lib/ruby/gems/1.8/gems/actionpack-2.3.4/lib/action_controller/reloader.rb:34:in `run'
    /usr/lib/ruby/gems/1.8/gems/actionpack-2.3.4/lib/action_controller/dispatcher.rb:108:in `call'
    /usr/lib/ruby/gems/1.8/gems/rails-2.3.4/lib/rails/rack/static.rb:31:in `call'
    /usr/lib/ruby/gems/1.8/gems/rack-1.0.0/lib/rack/urlmap.rb:46:in `call'
    /usr/lib/ruby/gems/1.8/gems/rack-1.0.0/lib/rack/urlmap.rb:40:in `each'
    /usr/lib/ruby/gems/1.8/gems/rack-1.0.0/lib/rack/urlmap.rb:40:in `call'
    /usr/lib/ruby/gems/1.8/gems/rails-2.3.4/lib/rails/rack/log_tailer.rb:17:in `call'
    /usr/lib/ruby/gems/1.8/gems/rack-1.0.0/lib/rack/content_length.rb:13:in `call'
    /usr/lib/ruby/gems/1.8/gems/rack-1.0.0/lib/rack/chunked.rb:15:in `call'
    /usr/lib/ruby/gems/1.8/gems/rack-1.0.0/lib/rack/handler/mongrel.rb:61:in `process'
    /usr/lib/ruby/gems/1.8/gems/mongrel-1.1.5/lib/mongrel.rb:159:in `process_client'
    /usr/lib/ruby/gems/1.8/gems/mongrel-1.1.5/lib/mongrel.rb:158:in `each'
    /usr/lib/ruby/gems/1.8/gems/mongrel-1.1.5/lib/mongrel.rb:158:in `process_client'
    /usr/lib/ruby/gems/1.8/gems/mongrel-1.1.5/lib/mongrel.rb:285:in `run'
    /usr/lib/ruby/gems/1.8/gems/mongrel-1.1.5/lib/mongrel.rb:285:in `initialize'
    /usr/lib/ruby/gems/1.8/gems/mongrel-1.1.5/lib/mongrel.rb:285:in `new'
    /usr/lib/ruby/gems/1.8/gems/mongrel-1.1.5/lib/mongrel.rb:285:in `run'
    /usr/lib/ruby/gems/1.8/gems/mongrel-1.1.5/lib/mongrel.rb:268:in `initialize'
    /usr/lib/ruby/gems/1.8/gems/mongrel-1.1.5/lib/mongrel.rb:268:in `new'
    /usr/lib/ruby/gems/1.8/gems/mongrel-1.1.5/lib/mongrel.rb:268:in `run'
    /usr/lib/ruby/gems/1.8/gems/rack-1.0.0/lib/rack/handler/mongrel.rb:34:in `run'
    /usr/lib/ruby/gems/1.8/gems/rails-2.3.4/lib/commands/server.rb:111
    /usr/local/lib/site_ruby/1.8/rubygems/custom_require.rb:31:in `gem_original_require'
    /usr/local/lib/site_ruby/1.8/rubygems/custom_require.rb:31:in `require'
    ./script/server:3


Processing WelcomeController#index (for 127.0.0.1 at 2009-11-02 18:14:47) [GET]
Completed in 5ms (View: 2, DB: 0) | 200 OK [http://localhost/]


Processing WelcomeController#login (for 127.0.0.1 at 2009-11-02 18:14:50) [GET]
Redirected to http://localhost:3000/oauth_login
Completed in 2ms (DB: 0) | 302 Found [http://localhost/login]


Processing WelcomeController#after_login (for 127.0.0.1 at 2009-11-02 18:14:53) [GET]
Redirected to http://localhost:3000/
Completed in 7ms (DB: 0) | 302 Found [http://localhost/oauth_complete]


Processing WelcomeController#index (for 127.0.0.1 at 2009-11-02 18:14:54) [GET]
Completed in 8ms (View: 1, DB: 0) | 200 OK [http://localhost/]


Processing WelcomeController#index (for 127.0.0.1 at 2009-11-02 18:15:40) [GET]
Completed in 4ms (View: 1, DB: 0) | 200 OK [http://localhost/]


Processing WelcomeController#after_login (for 127.0.0.1 at 2009-11-02 18:16:25) [GET]
Completed in 3ms (View: 1, DB: 0) | 200 OK [http://localhost/oauth_complete]
